This is pdfTeX, Version 3.14159265-2.6-1.40.18 (TeX Live 2017/Debian) (preloaded format=pdflatex 2017.11.14)  4 DEC 2017 09:36
entering extended mode
 restricted \write18 enabled.
 %&-line parsing enabled.
**main.tex
(./main.tex
LaTeX2e <2017-04-15>
Babel <3.12> and hyphenation patterns for 84 language(s) loaded.
(/usr/share/texlive/texmf-dist/tex/latex/base/article.cls
Document Class: article 2014/09/29 v1.4h Standard LaTeX document class
(/usr/share/texlive/texmf-dist/tex/latex/base/size10.clo
File: size10.clo 2014/09/29 v1.4h Standard LaTeX file (size option)
)
\c@part=\count79
\c@section=\count80
\c@subsection=\count81
\c@subsubsection=\count82
\c@paragraph=\count83
\c@subparagraph=\count84
\c@figure=\count85
\c@table=\count86
\abovecaptionskip=\skip41
\belowcaptionskip=\skip42
\bibindent=\dimen102
) (./usenix.sty
(/usr/share/texlive/texmf-dist/tex/latex/psnfss/mathptmx.sty
Package: mathptmx 2005/04/12 PSNFSS-v9.2a Times w/ Math, improved (SPQR, WaS) 
LaTeX Font Info:    Redeclaring symbol font `operators' on input line 28.
LaTeX Font Info:    Overwriting symbol font `operators' in version `normal'
(Font)                  OT1/cmr/m/n --> OT1/ztmcm/m/n on input line 28.
LaTeX Font Info:    Overwriting symbol font `operators' in version `bold'
(Font)                  OT1/cmr/bx/n --> OT1/ztmcm/m/n on input line 28.
LaTeX Font Info:    Redeclaring symbol font `letters' on input line 29.
LaTeX Font Info:    Overwriting symbol font `letters' in version `normal'
(Font)                  OML/cmm/m/it --> OML/ztmcm/m/it on input line 29.
LaTeX Font Info:    Overwriting symbol font `letters' in version `bold'
(Font)                  OML/cmm/b/it --> OML/ztmcm/m/it on input line 29.
LaTeX Font Info:    Redeclaring symbol font `symbols' on input line 30.
LaTeX Font Info:    Overwriting symbol font `symbols' in version `normal'
(Font)                  OMS/cmsy/m/n --> OMS/ztmcm/m/n on input line 30.
LaTeX Font Info:    Overwriting symbol font `symbols' in version `bold'
(Font)                  OMS/cmsy/b/n --> OMS/ztmcm/m/n on input line 30.
LaTeX Font Info:    Redeclaring symbol font `largesymbols' on input line 31.
LaTeX Font Info:    Overwriting symbol font `largesymbols' in version `normal'
(Font)                  OMX/cmex/m/n --> OMX/ztmcm/m/n on input line 31.
LaTeX Font Info:    Overwriting symbol font `largesymbols' in version `bold'
(Font)                  OMX/cmex/m/n --> OMX/ztmcm/m/n on input line 31.
\symbold=\mathgroup4
\symitalic=\mathgroup5
LaTeX Font Info:    Redeclaring math alphabet \mathbf on input line 34.
LaTeX Font Info:    Overwriting math alphabet `\mathbf' in version `normal'
(Font)                  OT1/cmr/bx/n --> OT1/ptm/bx/n on input line 34.
LaTeX Font Info:    Overwriting math alphabet `\mathbf' in version `bold'
(Font)                  OT1/cmr/bx/n --> OT1/ptm/bx/n on input line 34.
LaTeX Font Info:    Redeclaring math alphabet \mathit on input line 35.
LaTeX Font Info:    Overwriting math alphabet `\mathit' in version `normal'
(Font)                  OT1/cmr/m/it --> OT1/ptm/m/it on input line 35.
LaTeX Font Info:    Overwriting math alphabet `\mathit' in version `bold'
(Font)                  OT1/cmr/bx/it --> OT1/ptm/m/it on input line 35.
LaTeX Info: Redefining \hbar on input line 50.
))
(/usr/share/texlive/texmf-dist/tex/latex/graphics/epsfig.sty
Package: epsfig 2017/06/25 v1.7b (e)psfig emulation (SPQR)

(/usr/share/texlive/texmf-dist/tex/latex/graphics/graphicx.sty
Package: graphicx 2017/06/01 v1.1a Enhanced LaTeX Graphics (DPC,SPQR)

(/usr/share/texlive/texmf-dist/tex/latex/graphics/keyval.sty
Package: keyval 2014/10/28 v1.15 key=value parser (DPC)
\KV@toks@=\toks14
)
(/usr/share/texlive/texmf-dist/tex/latex/graphics/graphics.sty
Package: graphics 2017/06/25 v1.2c Standard LaTeX Graphics (DPC,SPQR)

(/usr/share/texlive/texmf-dist/tex/latex/graphics/trig.sty
Package: trig 2016/01/03 v1.10 sin cos tan (DPC)
)
(/usr/share/texlive/texmf-dist/tex/latex/graphics-cfg/graphics.cfg
File: graphics.cfg 2016/06/04 v1.11 sample graphics configuration
)
Package graphics Info: Driver file: pdftex.def on input line 99.

(/usr/share/texlive/texmf-dist/tex/latex/graphics-def/pdftex.def
File: pdftex.def 2017/06/24 v1.0g Graphics/color driver for pdftex
))
\Gin@req@height=\dimen103
\Gin@req@width=\dimen104
)
\epsfxsize=\dimen105
\epsfysize=\dimen106
)
(/usr/share/texlive/texmf-dist/tex/latex/endnotes/endnotes.sty
\c@endnote=\count87
\endnotesep=\dimen107
\@enotes=\write3
)
(/usr/share/texlive/texmf-dist/tex/latex/url/url.sty
\Urlmuskip=\muskip10
Package: url 2013/09/16  ver 3.4  Verb mode for urls, etc.
) (./main.aux)
\openout1 = `main.aux'.

LaTeX Font Info:    Checking defaults for OML/cmm/m/it on input line 25.
LaTeX Font Info:    ... okay on input line 25.
LaTeX Font Info:    Checking defaults for T1/cmr/m/n on input line 25.
LaTeX Font Info:    ... okay on input line 25.
LaTeX Font Info:    Checking defaults for OT1/cmr/m/n on input line 25.
LaTeX Font Info:    ... okay on input line 25.
LaTeX Font Info:    Checking defaults for OMS/cmsy/m/n on input line 25.
LaTeX Font Info:    ... okay on input line 25.
LaTeX Font Info:    Checking defaults for OMX/cmex/m/n on input line 25.
LaTeX Font Info:    ... okay on input line 25.
LaTeX Font Info:    Checking defaults for U/cmr/m/n on input line 25.
LaTeX Font Info:    ... okay on input line 25.
LaTeX Font Info:    Try loading font information for OT1+ptm on input line 25.

(/usr/share/texlive/texmf-dist/tex/latex/psnfss/ot1ptm.fd
File: ot1ptm.fd 2001/06/04 font definitions for OT1/ptm.
)
\big@size=\dimen108

(/usr/share/texlive/texmf-dist/tex/context/base/mkii/supp-pdf.mkii
[Loading MPS to PDF converter (version 2006.09.02).]
\scratchcounter=\count88
\scratchdimen=\dimen109
\scratchbox=\box26
\nofMPsegments=\count89
\nofMParguments=\count90
\everyMPshowfont=\toks15
\MPscratchCnt=\count91
\MPscratchDim=\dimen110
\MPnumerator=\count92
\makeMPintoPDFobject=\count93
\everyMPtoPDFconversion=\toks16
) (/usr/share/texlive/texmf-dist/tex/latex/oberdiek/epstopdf-base.sty
Package: epstopdf-base 2016/05/15 v2.6 Base part for package epstopdf

(/usr/share/texlive/texmf-dist/tex/generic/oberdiek/infwarerr.sty
Package: infwarerr 2016/05/16 v1.4 Providing info/warning/error messages (HO)
)
(/usr/share/texlive/texmf-dist/tex/latex/oberdiek/grfext.sty
Package: grfext 2016/05/16 v1.2 Manage graphics extensions (HO)

(/usr/share/texlive/texmf-dist/tex/generic/oberdiek/kvdefinekeys.sty
Package: kvdefinekeys 2016/05/16 v1.4 Define keys (HO)

(/usr/share/texlive/texmf-dist/tex/generic/oberdiek/ltxcmds.sty
Package: ltxcmds 2016/05/16 v1.23 LaTeX kernel commands for general use (HO)
)))
(/usr/share/texlive/texmf-dist/tex/latex/oberdiek/kvoptions.sty
Package: kvoptions 2016/05/16 v3.12 Key value format for package options (HO)

(/usr/share/texlive/texmf-dist/tex/generic/oberdiek/kvsetkeys.sty
Package: kvsetkeys 2016/05/16 v1.17 Key value parser (HO)

(/usr/share/texlive/texmf-dist/tex/generic/oberdiek/etexcmds.sty
Package: etexcmds 2016/05/16 v1.6 Avoid name clashes with e-TeX commands (HO)

(/usr/share/texlive/texmf-dist/tex/generic/oberdiek/ifluatex.sty
Package: ifluatex 2016/05/16 v1.4 Provides the ifluatex switch (HO)
Package ifluatex Info: LuaTeX not detected.
)
Package etexcmds Info: Could not find \expanded.
(etexcmds)             That can mean that you are not using pdfTeX 1.50 or
(etexcmds)             that some package has redefined \expanded.
(etexcmds)             In the latter case, load this package earlier.
)))
(/usr/share/texlive/texmf-dist/tex/generic/oberdiek/pdftexcmds.sty
Package: pdftexcmds 2017/03/19 v0.25 Utility functions of pdfTeX for LuaTeX (HO
)

(/usr/share/texlive/texmf-dist/tex/generic/oberdiek/ifpdf.sty
Package: ifpdf 2017/03/15 v3.2 Provides the ifpdf switch
)
Package pdftexcmds Info: LuaTeX not detected.
Package pdftexcmds Info: \pdf@primitive is available.
Package pdftexcmds Info: \pdf@ifprimitive is available.
Package pdftexcmds Info: \pdfdraftmode found.
)
Package epstopdf-base Info: Redefining graphics rule for `.eps' on input line 4
38.
Package grfext Info: Graphics extension search list:
(grfext)             [.pdf,.png,.jpg,.mps,.jpeg,.jbig2,.jb2,.PDF,.PNG,.JPG,.JPE
G,.JBIG2,.JB2,.eps]
(grfext)             \AppendGraphicsExtensions on input line 456.

(/usr/share/texlive/texmf-dist/tex/latex/latexconfig/epstopdf-sys.cfg
File: epstopdf-sys.cfg 2010/07/13 v1.3 Configuration of (r)epstopdf for TeX Liv
e
))
LaTeX Font Info:    Font shape `OT1/ptm/bx/n' in size <14.4> not available
(Font)              Font shape `OT1/ptm/b/n' tried instead on input line 46.
LaTeX Font Info:    Try loading font information for OT1+ztmcm on input line 46
.

(/usr/share/texlive/texmf-dist/tex/latex/psnfss/ot1ztmcm.fd
File: ot1ztmcm.fd 2000/01/03 Fontinst v1.801 font definitions for OT1/ztmcm.
)
LaTeX Font Info:    Try loading font information for OML+ztmcm on input line 46
.

(/usr/share/texlive/texmf-dist/tex/latex/psnfss/omlztmcm.fd
File: omlztmcm.fd 2000/01/03 Fontinst v1.801 font definitions for OML/ztmcm.
)
LaTeX Font Info:    Try loading font information for OMS+ztmcm on input line 46
.

(/usr/share/texlive/texmf-dist/tex/latex/psnfss/omsztmcm.fd
File: omsztmcm.fd 2000/01/03 Fontinst v1.801 font definitions for OMS/ztmcm.
)
LaTeX Font Info:    Try loading font information for OMX+ztmcm on input line 46
.

(/usr/share/texlive/texmf-dist/tex/latex/psnfss/omxztmcm.fd
File: omxztmcm.fd 2000/01/03 Fontinst v1.801 font definitions for OMX/ztmcm.
)
LaTeX Font Info:    Font shape `OT1/ptm/bx/n' in size <12> not available
(Font)              Font shape `OT1/ptm/b/n' tried instead on input line 46.
LaTeX Font Info:    Font shape `OT1/ptm/bx/n' in size <9> not available
(Font)              Font shape `OT1/ptm/b/n' tried instead on input line 46.
LaTeX Font Info:    Font shape `OT1/ptm/bx/n' in size <7> not available
(Font)              Font shape `OT1/ptm/b/n' tried instead on input line 46.

Underfull \hbox (badness 1033) in paragraph at lines 55--56
\OT1/ptm/m/n/10 Modern data cen-ters sup-port mas-sively par-al-lel dis-
 []

LaTeX Font Info:    Font shape `OT1/ptm/bx/n' in size <10> not available
(Font)              Font shape `OT1/ptm/b/n' tried instead on input line 59.

LaTeX Warning: Citation `alizadeh_data_2010' on page 1 undefined on input line 
59.


LaTeX Warning: Citation `chen_understanding_2009' on page 1 undefined on input 
line 59.


LaTeX Warning: Citation `wu_ictcp:_2013' on page 1 undefined on input line 59.


LaTeX Warning: Citation `alizadeh_data_2010' on page 1 undefined on input line 
59.


LaTeX Warning: Citation `chen_understanding_2009' on page 1 undefined on input 
line 59.


LaTeX Warning: Citation `alizadeh_data_2010' on page 1 undefined on input line 
61.


LaTeX Warning: Citation `chen_understanding_2009' on page 1 undefined on input 
line 61.


LaTeX Warning: Citation `wu_ictcp:_2013' on page 1 undefined on input line 61.


LaTeX Warning: Citation `alizadeh_data_2010' on page 1 undefined on input line 
61.


LaTeX Warning: Citation `alizadeh_data_2010' on page 1 undefined on input line 
67.


LaTeX Warning: Citation `alizadeh_data_2010' on page 1 undefined on input line 
67.


LaTeX Warning: Citation `chen_understanding_2009' on page 1 undefined on input 
line 67.


LaTeX Warning: Citation `alizadeh_data_2010' on page 1 undefined on input line 
69.


LaTeX Warning: Citation `dean_mapreduce:_2004' on page 1 undefined on input lin
e 69.


LaTeX Warning: Citation `alizadeh_data_2010' on page 1 undefined on input line 
69.


LaTeX Warning: Citation `chiu1989analysis' on page 1 undefined on input line 73
.

[1{/var/lib/texmf/fonts/map/pdftex/updmap/pdftex.map}


]

LaTeX Warning: Citation `alizadeh_data_2010' on page 2 undefined on input line 
77.


LaTeX Warning: Citation `cardwell_bbr:_2016' on page 2 undefined on input line 
77.


LaTeX Warning: Citation `chen_understanding_2009' on page 2 undefined on input 
line 77.


LaTeX Warning: Citation `wu_ictcp:_2013' on page 2 undefined on input line 77.


LaTeX Warning: Citation `alizadeh_data_2010' on page 2 undefined on input line 
77.


LaTeX Warning: Citation `alizadeh_data_2010' on page 2 undefined on input line 
81.


LaTeX Warning: Citation `chen_understanding_2009' on page 2 undefined on input 
line 81.


LaTeX Warning: Citation `wu_ictcp:_2013' on page 2 undefined on input line 81.


Underfull \hbox (badness 1092) in paragraph at lines 81--82
\OT1/ptm/m/n/10 As a re-sult of the na-ture of the par-ti-tion/aggregate
 []


LaTeX Warning: Citation `alizadeh_data_2010' on page 2 undefined on input line 
85.


LaTeX Warning: Citation `wu_ictcp:_2013' on page 2 undefined on input line 85.

LaTeX Font Info:    Font shape `OT1/ptm/bx/n' in size <7.4> not available
(Font)              Font shape `OT1/ptm/b/n' tried instead on input line 89.
LaTeX Font Info:    Font shape `OT1/ptm/bx/n' in size <6> not available
(Font)              Font shape `OT1/ptm/b/n' tried instead on input line 89.

LaTeX Warning: Citation `alizadeh_data_2010' on page 2 undefined on input line 
89.


LaTeX Warning: Citation `alizadeh_analysis_2011' on page 2 undefined on input l
ine 89.


LaTeX Warning: Citation `wu_ictcp:_2013' on page 2 undefined on input line 93.


LaTeX Warning: Citation `cardwell_bbr:_2016' on page 2 undefined on input line 
97.


LaTeX Warning: Citation `cardwell_tcp_2017' on page 2 undefined on input line 9
7.


LaTeX Warning: Citation `kleinrock_power_1979' on page 2 undefined on input lin
e 97.


Underfull \hbox (badness 1308) in paragraph at lines 97--98
\OT1/ptm/m/n/10 which is a large net-work com-prised of com-mod-ity
 []


LaTeX Warning: Citation `cardwell_bbr:_2016' on page 2 undefined on input line 
99.


LaTeX Warning: Citation `cardwell_tcp_2017' on page 2 undefined on input line 1
01.


LaTeX Warning: Citation `cardwell_bbr:_2016' on page 2 undefined on input line 
101.


LaTeX Warning: Citation `alizadeh_data_2010' on page 2 undefined on input line 
105.


LaTeX Warning: Citation `wu_ictcp:_2013' on page 2 undefined on input line 105.



Underfull \vbox (badness 1755) has occurred while \output is active []

 [2]

LaTeX Warning: Citation `alizadeh_data_2010' on page 3 undefined on input line 
107.


LaTeX Warning: Citation `wu_ictcp:_2013' on page 3 undefined on input line 107.



LaTeX Warning: Citation `noauthor_mellanox_sx1012' on page 3 undefined on input
 line 109.


LaTeX Warning: Citation `noauthor_mellanox_sx1012_pdf' on page 3 undefined on i
nput line 109.

LaTeX Font Info:    Font shape `OT1/ptm/bx/n' in size <8> not available
(Font)              Font shape `OT1/ptm/b/n' tried instead on input line 111.
LaTeX Font Info:    Font shape `OT1/ptm/bx/n' in size <5> not available
(Font)              Font shape `OT1/ptm/b/n' tried instead on input line 111.

LaTeX Warning: Citation `iperf' on page 3 undefined on input line 111.


LaTeX Warning: Citation `pariag2007comparing' on page 3 undefined on input line
 111.


LaTeX Warning: Citation `alizadeh_data_2010' on page 3 undefined on input line 
113.


LaTeX Warning: Citation `wu_ictcp:_2013' on page 3 undefined on input line 113.



Underfull \hbox (badness 3838) in paragraph at lines 119--120
\OT1/ptm/m/n/10 We as-sessed query la-tency us-ing a sim-ple par-ti-
 []

<plots/query_avg.pdf, id=13, pagebox=cropbox, 722.7pt x 361.35pt>
File: plots/query_avg.pdf Graphic file (type pdf)
<use plots/query_avg.pdf>
Package pdftex.def Info: plots/query_avg.pdf  used on input line 126. on input 
line 126.
Package pdftex.def Info: Requested size: 231.25769pt x 115.62885pt on input lin
e 126.

Overfull \hbox (5.41394pt too wide) in paragraph at lines 126--127
[][] 
 []

<plots/query_percentile.pdf, id=14, pagebox=cropbox, 722.7pt x 361.35pt>
File: plots/query_percentile.pdf Graphic file (type pdf)
<use plots/query_percentile.pdf>
Package pdftex.def Info: plots/query_percentile.pdf  used on input line 131. on
 input line 131.
Package pdftex.def Info: Requested size: 231.25769pt x 115.62885pt on input lin
e 131.

Overfull \hbox (5.41394pt too wide) in paragraph at lines 131--132
[][] 
 []

<plots/query_cdf.pdf, id=15, pagebox=cropbox, 722.7pt x 361.35pt>
File: plots/query_cdf.pdf Graphic file (type pdf)
<use plots/query_cdf.pdf>
Package pdftex.def Info: plots/query_cdf.pdf  used on input line 136. on input 
line 136.
Package pdftex.def Info: Requested size: 231.25769pt x 115.62885pt on input lin
e 136.

Overfull \hbox (5.41394pt too wide) in paragraph at lines 136--137
[][] 
 []

<plots/query_bg_avg.pdf, id=16, pagebox=cropbox, 722.7pt x 361.35pt>
File: plots/query_bg_avg.pdf Graphic file (type pdf)
<use plots/query_bg_avg.pdf>
Package pdftex.def Info: plots/query_bg_avg.pdf  used on input line 141. on inp
ut line 141.
Package pdftex.def Info: Requested size: 231.25769pt x 115.62885pt on input lin
e 141.

Overfull \hbox (5.41394pt too wide) in paragraph at lines 141--142
[][] 
 []

<plots/query_bg_percentile.pdf, id=17, pagebox=cropbox, 722.7pt x 361.35pt>
File: plots/query_bg_percentile.pdf Graphic file (type pdf)
<use plots/query_bg_percentile.pdf>
Package pdftex.def Info: plots/query_bg_percentile.pdf  used on input line 146.
 on input line 146.
Package pdftex.def Info: Requested size: 231.25769pt x 115.62885pt on input lin
e 146.

Overfull \hbox (5.41394pt too wide) in paragraph at lines 146--147
[][] 
 []

<plots/query_bg_cdf.pdf, id=18, pagebox=cropbox, 722.7pt x 361.35pt>
File: plots/query_bg_cdf.pdf Graphic file (type pdf)
<use plots/query_bg_cdf.pdf>
Package pdftex.def Info: plots/query_bg_cdf.pdf  used on input line 151. on inp
ut line 151.
Package pdftex.def Info: Requested size: 231.25769pt x 115.62885pt on input lin
e 151.

Overfull \hbox (5.41394pt too wide) in paragraph at lines 151--152
[][] 
 []

[3] [4 <./plots/query_avg.pdf> <./plots/query_percentile.pdf> <./plots/query_cd
f.pdf> <./plots/query_bg_avg.pdf> <./plots/query_bg_percentile.pdf> <./plots/qu
ery_bg_cdf.pdf>]
<plots/thru_avg.pdf, id=63, pagebox=cropbox, 722.7pt x 361.35pt>
File: plots/thru_avg.pdf Graphic file (type pdf)
<use plots/thru_avg.pdf>
Package pdftex.def Info: plots/thru_avg.pdf  used on input line 160. on input l
ine 160.
Package pdftex.def Info: Requested size: 231.25769pt x 115.62885pt on input lin
e 160.

Overfull \hbox (5.41394pt too wide) in paragraph at lines 160--161
[][] 
 []

<plots/thru_cdf.pdf, id=64, pagebox=cropbox, 722.7pt x 361.35pt>
File: plots/thru_cdf.pdf Graphic file (type pdf)
<use plots/thru_cdf.pdf>
Package pdftex.def Info: plots/thru_cdf.pdf  used on input line 165. on input l
ine 165.
Package pdftex.def Info: Requested size: 231.25769pt x 115.62885pt on input lin
e 165.

Overfull \hbox (5.41394pt too wide) in paragraph at lines 165--166
[][] 
 []

<plots/cubic_converg.pdf, id=65, pagebox=cropbox, 722.7pt x 361.35pt>
File: plots/cubic_converg.pdf Graphic file (type pdf)
<use plots/cubic_converg.pdf>
Package pdftex.def Info: plots/cubic_converg.pdf  used on input line 176. on in
put line 176.
Package pdftex.def Info: Requested size: 231.25769pt x 115.62885pt on input lin
e 176.

Overfull \hbox (5.41394pt too wide) in paragraph at lines 176--177
[][] 
 []

<plots/bbr_converg.pdf, id=66, pagebox=cropbox, 722.7pt x 361.35pt>
File: plots/bbr_converg.pdf Graphic file (type pdf)
<use plots/bbr_converg.pdf>
Package pdftex.def Info: plots/bbr_converg.pdf  used on input line 181. on inpu
t line 181.
Package pdftex.def Info: Requested size: 231.25769pt x 115.62885pt on input lin
e 181.

Overfull \hbox (5.41394pt too wide) in paragraph at lines 181--182
[][] 
 []


LaTeX Warning: Citation `cardwell_bbr:_2016' on page 5 undefined on input line 
185.


LaTeX Warning: Citation `cardwell_bbr:_2016' on page 5 undefined on input line 
187.

[5 <./plots/thru_avg.pdf> <./plots/thru_cdf.pdf> <./plots/cubic_converg.pdf> <.
/plots/bbr_converg.pdf>]
<plots/bbr_converg_long.pdf, id=94, pagebox=cropbox, 722.7pt x 361.35pt>
File: plots/bbr_converg_long.pdf Graphic file (type pdf)
<use plots/bbr_converg_long.pdf>
Package pdftex.def Info: plots/bbr_converg_long.pdf  used on input line 190. on
 input line 190.
Package pdftex.def Info: Requested size: 231.25769pt x 115.62885pt on input lin
e 190.

Overfull \hbox (5.41394pt too wide) in paragraph at lines 190--191
[][] 
 []


LaTeX Warning: Citation `alizadeh_data_2010' on page 6 undefined on input line 
196.


LaTeX Warning: Citation `cardwell_bbr:_2016' on page 6 undefined on input line 
196.


LaTeX Warning: Citation `wu_ictcp:_2013' on page 6 undefined on input line 196.



LaTeX Warning: Citation `alizadeh_data_2010' on page 6 undefined on input line 
198.


LaTeX Warning: Citation `wu_ictcp:_2013' on page 6 undefined on input line 198.



LaTeX Warning: Citation `alizadeh_data_2010' on page 6 undefined on input line 
204.

No file main.bbl.
[6 <./plots/bbr_converg_long.pdf>] (./main.aux)

LaTeX Warning: There were undefined references.

 ) 
Here is how much of TeX's memory you used:
 1815 strings out of 492990
 26853 string characters out of 6135004
 89645 words of memory out of 5000000
 5325 multiletter control sequences out of 15000+600000
 42592 words of font info for 85 fonts, out of 8000000 for 9000
 1141 hyphenation exceptions out of 8191
 41i,9n,25p,1041b,254s stack positions out of 5000i,500n,10000p,200000b,80000s
{/usr/share/texlive/texmf-dist/fonts/enc/dvips/base/8r.enc}</usr/share/texliv
e/texmf-dist/fonts/type1/public/amsfonts/cm/cmmi10.pfb></usr/share/texlive/texm
f-dist/fonts/type1/public/amsfonts/cm/cmr10.pfb></usr/share/texlive/texmf-dist/
fonts/type1/public/amsfonts/cm/cmsy10.pfb></usr/share/texlive/texmf-dist/fonts/
type1/urw/times/utmb8a.pfb></usr/share/texlive/texmf-dist/fonts/type1/urw/times
/utmr8a.pfb></usr/share/texlive/texmf-dist/fonts/type1/urw/times/utmri8a.pfb>
Output written on main.pdf (6 pages, 152134 bytes).
PDF statistics:
 125 PDF objects out of 1000 (max. 8388607)
 88 compressed objects within 1 object stream
 0 named destinations out of 1000 (max. 500000)
 56 words of extra memory for PDF output out of 10000 (max. 10000000)

